<?xml version="1.0" encoding="UTF-8"?>
<!-- Generated by org.testng.reporters.JUnitReportReporter -->
<testsuite hostname="MH30031711" name="sample1.Coding3" tests="1" failures="0" timestamp="19 Mar 2018 16:32:28 GMT" time="19.778" errors="0">
  <testcase name="loginchecker" time="19.778" classname="sample1.Coding3"/>
</testsuite> <!-- sample1.Coding3 -->
