<?xml version="1.0" encoding="UTF-8"?>
<!-- Generated by org.testng.reporters.JUnitReportReporter -->
<testsuite hostname="MH30031711" name="sample1.Coding3" tests="1" failures="0" timestamp="20 Mar 2018 09:52:29 GMT" time="19.420" errors="0">
  <testcase name="loginchecker" time="19.420" classname="sample1.Coding3"/>
</testsuite> <!-- sample1.Coding3 -->
