<?xml version="1.0" encoding="UTF-8"?>
<!-- Generated by org.testng.reporters.JUnitReportReporter -->
<testsuite hostname="MH30031711" name="sample1.Coding3" tests="1" failures="0" timestamp="15 Mar 2018 13:31:34 GMT" time="18.689" errors="0">
  <testcase name="loginchecker" time="18.689" classname="sample1.Coding3"/>
</testsuite> <!-- sample1.Coding3 -->
