<?xml version="1.0" encoding="UTF-8"?>
<!-- Generated by org.testng.reporters.JUnitReportReporter -->
<testsuite hostname="MH30031711" name="sample1.Coding3" tests="1" failures="0" timestamp="16 Mar 2018 11:06:50 GMT" time="18.612" errors="0">
  <testcase name="loginchecker" time="18.612" classname="sample1.Coding3"/>
</testsuite> <!-- sample1.Coding3 -->
